<?xml version="1.0" encoding="UTF-8"?>
<!-- Generated by org.testng.reporters.JUnitXMLReporter -->
<testsuite ignored="0" hostname="LTIN511660" failures="0" tests="29" name="Surefire test" time="350.565" errors="0" timestamp="2024-04-22T13:31:13 IST">
  <testcase classname="testCases.TestCase_001_WebDevelopmentValidation" name="SiteValidation" time="28.087"/>
  <testcase classname="testCases.TestCase_001_WebDevelopmentValidation" name="searchValidation" time="7.583"/>
  <testcase classname="testCases.TestCase_001_WebDevelopmentValidation" name="languageValidation" time="4.807"/>
  <testcase classname="testCases.TestCase_001_WebDevelopmentValidation" name="levelsValidation" time="4.323"/>
  <testcase classname="testCases.TestCase_001_WebDevelopmentValidation" name="firstCourseOpening" time="12.121"/>
  <testcase classname="testCases.TestCase_001_WebDevelopmentValidation" name="firstCourseTitle" time="4.143"/>
  <testcase classname="testCases.TestCase_001_WebDevelopmentValidation" name="firstCourseRating" time="1.4"/>
  <testcase classname="testCases.TestCase_001_WebDevelopmentValidation" name="firstCourseDuration" time="1.215"/>
  <testcase classname="testCases.TestCase_001_WebDevelopmentValidation" name="backToMain" time="1.101"/>
  <testcase classname="testCases.TestCase_001_WebDevelopmentValidation" name="SecondCourseOpening" time="12.111"/>
  <testcase classname="testCases.TestCase_001_WebDevelopmentValidation" name="SecondCourseTitle" time="4.169"/>
  <testcase classname="testCases.TestCase_001_WebDevelopmentValidation" name="SecondCourseRating" time="1.372"/>
  <testcase classname="testCases.TestCase_001_WebDevelopmentValidation" name="SecondCourseDuration" time="1.166"/>
  <testcase classname="testCases.TestCase_001_WebDevelopmentValidation" name="backToMainPage" time="1.111"/>
  <testcase classname="testCases.TestCase_002_LanguageLearningValidation" name="SiteValidation" time="26.218"/>
  <testcase classname="testCases.TestCase_002_LanguageLearningValidation" name="searchValidation" time="7.951"/>
  <testcase classname="testCases.TestCase_002_LanguageLearningValidation" name="languagesListValidation" time="5.971"/>
  <testcase classname="testCases.TestCase_002_LanguageLearningValidation" name="levelsListValidation" time="4.562"/>
  <testcase classname="testCases.TestCase_003_EnterpriseValidation" name="SiteValidation" time="26.107"/>
  <testcase classname="testCases.TestCase_003_EnterpriseValidation" name="Enterprise" time="8.374"/>
  <testcase classname="testCases.TestCase_003_EnterpriseValidation" name="Formfilling" time="5.377"/>
  <testcase classname="testCases.TestCase_003_EnterpriseValidation" name="Submitform" time="0.028"/>
  <testcase classname="testCases.TestCase_003_EnterpriseValidation" name="VerifyMsg" time="0.694"/>
  <testcase classname="testCases.TestCase_003_EnterpriseValidation" name="Formfilling2" time="11.115"/>
  <testcase classname="testCases.TestCase_003_EnterpriseValidation" name="Submitform2" time="0.026"/>
  <testcase classname="testCases.TestCase_003_EnterpriseValidation" name="VerifyMsg2" time="0.646"/>
  <testcase classname="testCases.TestCase_003_EnterpriseValidation" name="Formfilling3" time="5.211"/>
  <testcase classname="testCases.TestCase_003_EnterpriseValidation" name="Submitform3" time="0.046"/>
  <testcase classname="testCases.TestCase_003_EnterpriseValidation" name="VerifyMsg3" time="20.299"/>
</testsuite> <!-- Surefire test -->
