<?xml version="1.0" encoding="UTF-8"?>
<!-- Generated by org.testng.reporters.JUnitXMLReporter -->
<testsuite ignored="1" hostname="LTIN511660" failures="0" tests="28" name="ChromeTest" time="204.269" errors="0" timestamp="2024-04-09T14:58:34 IST">
  <testcase classname="testCases.TestCase_001_WebDevelopmentValidation" name="SiteValidation" time="6.956"/>
  <testcase classname="testCases.TestCase_001_WebDevelopmentValidation" name="searchValidation" time="8.68"/>
  <testcase classname="testCases.TestCase_001_WebDevelopmentValidation" name="languageValidation" time="4.756"/>
  <testcase classname="testCases.TestCase_001_WebDevelopmentValidation" name="levelsValidation" time="4.428"/>
  <testcase classname="testCases.TestCase_001_WebDevelopmentValidation" name="firstCourseOpening" time="12.09"/>
  <testcase classname="testCases.TestCase_001_WebDevelopmentValidation" name="firstCourseTitle" time="4.112"/>
  <testcase classname="testCases.TestCase_001_WebDevelopmentValidation" name="firstCourseRating" time="1.277"/>
  <testcase classname="testCases.TestCase_001_WebDevelopmentValidation" name="firstCourseDuration" time="1.179"/>
  <testcase classname="testCases.TestCase_001_WebDevelopmentValidation" name="backToMain" time="1.074"/>
  <testcase classname="testCases.TestCase_001_WebDevelopmentValidation" name="SecondCourseOpening" time="12.094"/>
  <testcase classname="testCases.TestCase_001_WebDevelopmentValidation" name="SecondCourseTitle" time="4.065"/>
  <testcase classname="testCases.TestCase_001_WebDevelopmentValidation" name="SecondCourseRating" time="1.294"/>
  <testcase classname="testCases.TestCase_001_WebDevelopmentValidation" name="SecondCourseDuration" time="1.086"/>
  <testcase classname="testCases.TestCase_001_WebDevelopmentValidation" name="backToMainPage" time="1.087"/>
  <testcase classname="testCases.TestCase_002_LanguageLearningValidation" name="SiteValidation" time="26.126"/>
  <testcase classname="testCases.TestCase_002_LanguageLearningValidation" name="searchValidation" time="8.804"/>
  <testcase classname="testCases.TestCase_002_LanguageLearningValidation" name="languagesListValidation" time="5.269"/>
  <testcase classname="testCases.TestCase_002_LanguageLearningValidation" name="levelsListValidation" time="4.319"/>
  <testcase classname="testCases.TestCase_003_EnterpriseValidation" name="Enterprise" time="13.275"/>
  <testcase classname="testCases.TestCase_003_EnterpriseValidation" name="Formfilling" time="5.108"/>
  <testcase classname="testCases.TestCase_003_EnterpriseValidation" name="Submitform" time="0.023"/>
  <testcase classname="testCases.TestCase_003_EnterpriseValidation" name="VerifyMsg" time="0.502"/>
  <testcase classname="testCases.TestCase_003_EnterpriseValidation" name="Formfilling2" time="10.817"/>
  <testcase classname="testCases.TestCase_003_EnterpriseValidation" name="Submitform2" time="0.02"/>
  <testcase classname="testCases.TestCase_003_EnterpriseValidation" name="VerifyMsg2" time="0.521"/>
  <testcase classname="testCases.TestCase_003_EnterpriseValidation" name="Formfilling3" time="4.972"/>
  <testcase classname="testCases.TestCase_003_EnterpriseValidation" name="Submitform3" time="0.024"/>
  <testcase classname="testCases.TestCase_003_EnterpriseValidation" name="VerifyMsg3" time="20.252"/>
  <testcase classname="testCases.TestCase_003_EnterpriseValidation" name="SiteValidation" time="0.0">
    <ignored/>
  </testcase> <!-- SiteValidation -->
</testsuite> <!-- ChromeTest -->
