<?xml version="1.0" encoding="UTF-8"?>
<!-- Generated by org.testng.reporters.JUnitXMLReporter -->
<testsuite ignored="0" hostname="LTIN487042" failures="0" tests="29" name="EdgeTest" time="250.783" errors="0" timestamp="2024-04-04T17:50:29 IST">
  <testcase classname="testCases.TestCase_001_WebDevelopmentValidation" name="SiteValidation" time="6.105"/>
  <testcase classname="testCases.TestCase_001_WebDevelopmentValidation" name="searchValidation" time="7.889"/>
  <testcase classname="testCases.TestCase_001_WebDevelopmentValidation" name="languageValidation" time="4.516"/>
  <testcase classname="testCases.TestCase_001_WebDevelopmentValidation" name="levelsValidation" time="4.299"/>
  <testcase classname="testCases.TestCase_001_WebDevelopmentValidation" name="firstCourseOpening" time="12.117"/>
  <testcase classname="testCases.TestCase_001_WebDevelopmentValidation" name="firstCourseTitle" time="4.05"/>
  <testcase classname="testCases.TestCase_001_WebDevelopmentValidation" name="firstCourseRating" time="1.066"/>
  <testcase classname="testCases.TestCase_001_WebDevelopmentValidation" name="firstCourseDuration" time="1.056"/>
  <testcase classname="testCases.TestCase_001_WebDevelopmentValidation" name="backToMain" time="1.087"/>
  <testcase classname="testCases.TestCase_001_WebDevelopmentValidation" name="SecondCourseOpening" time="12.101"/>
  <testcase classname="testCases.TestCase_001_WebDevelopmentValidation" name="SecondCourseTitle" time="4.044"/>
  <testcase classname="testCases.TestCase_001_WebDevelopmentValidation" name="SecondCourseRating" time="9.124"/>
  <testcase classname="testCases.TestCase_001_WebDevelopmentValidation" name="SecondCourseDuration" time="9.065"/>
  <testcase classname="testCases.TestCase_001_WebDevelopmentValidation" name="backToMainPage" time="1.071"/>
  <testcase classname="testCases.TestCase_002_LanguageLearningValidation" name="SiteValidation" time="6.096"/>
  <testcase classname="testCases.TestCase_002_LanguageLearningValidation" name="searchValidation" time="8.735"/>
  <testcase classname="testCases.TestCase_002_LanguageLearningValidation" name="languagesListValidation" time="4.996"/>
  <testcase classname="testCases.TestCase_002_LanguageLearningValidation" name="levelsListValidation" time="4.237"/>
  <testcase classname="testCases.TestCase_003_EnterpriseValidation" name="SiteValidation" time="11.043"/>
  <testcase classname="testCases.TestCase_003_EnterpriseValidation" name="Enterprise" time="9.567"/>
  <testcase classname="testCases.TestCase_003_EnterpriseValidation" name="Formfilling" time="5.042"/>
  <testcase classname="testCases.TestCase_003_EnterpriseValidation" name="Submitform" time="0.024"/>
  <testcase classname="testCases.TestCase_003_EnterpriseValidation" name="VerifyMsg" time="0.389"/>
  <testcase classname="testCases.TestCase_003_EnterpriseValidation" name="Formfilling2" time="10.854"/>
  <testcase classname="testCases.TestCase_003_EnterpriseValidation" name="Submitform2" time="0.026"/>
  <testcase classname="testCases.TestCase_003_EnterpriseValidation" name="VerifyMsg2" time="0.332"/>
  <testcase classname="testCases.TestCase_003_EnterpriseValidation" name="Formfilling3" time="4.777"/>
  <testcase classname="testCases.TestCase_003_EnterpriseValidation" name="Submitform3" time="0.028"/>
  <testcase classname="testCases.TestCase_003_EnterpriseValidation" name="VerifyMsg3" time="13.422"/>
</testsuite> <!-- EdgeTest -->
