<?xml version="1.0" encoding="UTF-8"?>
<testsuite xmlns:xsi="http://www.w3.org/2001/XMLSchema-instance" xsi:noNamespaceSchemaLocation="https://maven.apache.org/surefire/maven-surefire-plugin/xsd/surefire-test-report-3.0.xsd" version="3.0" name="TestSuite" time="351.055" tests="29" errors="0" skipped="0" failures="0">
  <properties>
[...]
</properties>
  <testcase name="SiteValidation" classname="testCases.TestCase_001_WebDevelopmentValidation" time="28.089">
    <system-out><![CDATA[Coursera | Degrees, Certificates, & Free Online Courses
Coursera title is Validated successfully

]]></system-out>
    <system-err><![CDATA[SLF4J(W): No SLF4J providers were found.
SLF4J(W): Defaulting to no-operation (NOP) logger implementation
SLF4J(W): See https://www.slf4j.org/codes.html#noProviders for further details.
]]></system-err>
  </testcase>
  <testcase name="searchValidation" classname="testCases.TestCase_001_WebDevelopmentValidation" time="7.583">
    <system-out><![CDATA[-----Search input is given for search bar-----

]]></system-out>
  </testcase>
  <testcase name="languageValidation" classname="testCases.TestCase_001_WebDevelopmentValidation" time="4.806">
    <system-out><![CDATA[-----English clicked-----

]]></system-out>
  </testcase>
  <testcase name="levelsValidation" classname="testCases.TestCase_001_WebDevelopmentValidation" time="4.323">
    <system-out><![CDATA[-----Beginner clicked-----

]]></system-out>
  </testcase>
  <testcase name="firstCourseOpening" classname="testCases.TestCase_001_WebDevelopmentValidation" time="12.119"/>
  <testcase name="firstCourseTitle" classname="testCases.TestCase_001_WebDevelopmentValidation" time="4.144">
    <system-out><![CDATA[-----First Course Name = Meta Front-End Developer Professional Certificate-----

]]></system-out>
  </testcase>
  <testcase name="firstCourseRating" classname="testCases.TestCase_001_WebDevelopmentValidation" time="1.402">
    <system-out><![CDATA[-----First Course Rating = 4.7-----

]]></system-out>
  </testcase>
  <testcase name="firstCourseDuration" classname="testCases.TestCase_001_WebDevelopmentValidation" time="1.216">
    <system-out><![CDATA[-----First Course Duration = 7 months at 6 hours a week-----

]]></system-out>
  </testcase>
  <testcase name="backToMain" classname="testCases.TestCase_001_WebDevelopmentValidation" time="1.101"/>
  <testcase name="SecondCourseOpening" classname="testCases.TestCase_001_WebDevelopmentValidation" time="12.111"/>
  <testcase name="SecondCourseTitle" classname="testCases.TestCase_001_WebDevelopmentValidation" time="4.172">
    <system-out><![CDATA[-----Second Course Name = Python for Data Science, AI & Development-----

]]></system-out>
  </testcase>
  <testcase name="SecondCourseRating" classname="testCases.TestCase_001_WebDevelopmentValidation" time="1.373">
    <system-out><![CDATA[-----Second Course Rating = 4.6-----

]]></system-out>
  </testcase>
  <testcase name="SecondCourseDuration" classname="testCases.TestCase_001_WebDevelopmentValidation" time="1.168">
    <system-out><![CDATA[-----Second Course Duration = 25 hours (approximately)-----

]]></system-out>
  </testcase>
  <testcase name="backToMainPage" classname="testCases.TestCase_001_WebDevelopmentValidation" time="1.109"/>
  <testcase name="SiteValidation" classname="testCases.TestCase_002_LanguageLearningValidation" time="26.219">
    <system-out><![CDATA[Coursera | Degrees, Certificates, & Free Online Courses
Coursera title is Validated successfully

]]></system-out>
  </testcase>
  <testcase name="searchValidation" classname="testCases.TestCase_002_LanguageLearningValidation" time="7.952">
    <system-out><![CDATA[-----Search input is given for search bar-----

]]></system-out>
  </testcase>
  <testcase name="languagesListValidation" classname="testCases.TestCase_002_LanguageLearningValidation" time="5.97">
    <system-out><![CDATA[-----Languages List-----
Language - 1 = English (924)
Language - 2 = Arabic (496)
Language - 3 = Spanish (494)
Language - 4 = French (476)
Language - 5 = Portuguese (Brazil) (461)
Language - 6 = German (453)
Language - 7 = Indonesian (453)
Language - 8 = Ukrainian (452)
Language - 9 = Chinese (China) (451)
Language - 10 = Japanese (451)
Language - 11 = Turkish (451)
Language - 12 = Dutch (450)
Language - 13 = Greek (450)
Language - 14 = Hindi (450)
Language - 15 = Italian (450)
Language - 16 = Korean (450)
Language - 17 = Polish (450)
Language - 18 = Swedish (450)
Language - 19 = Thai (450)
Language - 20 = Russian (401)
Language - 21 = Kazakh (386)
Language - 22 = Hungarian (324)
Language - 23 = Chinese (Traditional) (1)

]]></system-out>
  </testcase>
  <testcase name="levelsListValidation" classname="testCases.TestCase_002_LanguageLearningValidation" time="4.562">
    <system-out><![CDATA[Beginner (467)
Intermediate (451)
Advanced (33)
Mixed (75)

]]></system-out>
  </testcase>
  <testcase name="SiteValidation" classname="testCases.TestCase_003_EnterpriseValidation" time="26.11">
    <system-out><![CDATA[Coursera | Degrees, Certificates, & Free Online Courses
Coursera title is Validated successfully

]]></system-out>
  </testcase>
  <testcase name="Enterprise" classname="testCases.TestCase_003_EnterpriseValidation" time="8.37"/>
  <testcase name="Formfilling" classname="testCases.TestCase_003_EnterpriseValidation" time="5.378"/>
  <testcase name="Submitform" classname="testCases.TestCase_003_EnterpriseValidation" time="0.029"/>
  <testcase name="VerifyMsg" classname="testCases.TestCase_003_EnterpriseValidation" time="0.695">
    <system-out><![CDATA[Must be valid email.
example@yourdomain.com
]]></system-out>
  </testcase>
  <testcase name="Formfilling2" classname="testCases.TestCase_003_EnterpriseValidation" time="11.114"/>
  <testcase name="Submitform2" classname="testCases.TestCase_003_EnterpriseValidation" time="0.027"/>
  <testcase name="VerifyMsg2" classname="testCases.TestCase_003_EnterpriseValidation" time="0.646">
    <system-out><![CDATA[Must be a phone number.
503-555-1212
]]></system-out>
  </testcase>
  <testcase name="Formfilling3" classname="testCases.TestCase_003_EnterpriseValidation" time="5.211"/>
  <testcase name="Submitform3" classname="testCases.TestCase_003_EnterpriseValidation" time="0.046"/>
  <testcase name="VerifyMsg3" classname="testCases.TestCase_003_EnterpriseValidation" time="20.299">
    <system-out><![CDATA[Thank you for your interest in Coursera for Campus
]]></system-out>
  </testcase>
</testsuite>