<?xml version="1.0" encoding="UTF-8"?>
<testng-results ignored="0" total="28" passed="28" failed="0" skipped="0">
  <reporter-output>
  </reporter-output>
  <suite started-at="2024-04-09T14:55:09 IST" name="Suite" finished-at="2024-04-09T14:58:34 IST" duration-ms="204269">
    <groups>
      <group name="Regression">
        <method signature="TestCase_001_WebDevelopmentValidation.SiteValidation()[pri:1, instance:testCases.TestCase_001_WebDevelopmentValidation@5b799640]" name="SiteValidation" class="testCases.TestCase_001_WebDevelopmentValidation"/>
        <method signature="TestCase_001_WebDevelopmentValidation.searchValidation()[pri:2, instance:testCases.TestCase_001_WebDevelopmentValidation@5b799640]" name="searchValidation" class="testCases.TestCase_001_WebDevelopmentValidation"/>
        <method signature="TestCase_002_LanguageLearningValidation.searchValidation()[pri:2, instance:testCases.TestCase_002_LanguageLearningValidation@43f02ef2]" name="searchValidation" class="testCases.TestCase_002_LanguageLearningValidation"/>
        <method signature="TestCase_003_EnterpriseValidation.Enterprise()[pri:2, instance:testCases.TestCase_003_EnterpriseValidation@239a307b]" name="Enterprise" class="testCases.TestCase_003_EnterpriseValidation"/>
        <method signature="TestCase_001_WebDevelopmentValidation.languageValidation()[pri:3, instance:testCases.TestCase_001_WebDevelopmentValidation@5b799640]" name="languageValidation" class="testCases.TestCase_001_WebDevelopmentValidation"/>
        <method signature="TestCase_002_LanguageLearningValidation.languagesListValidation()[pri:3, instance:testCases.TestCase_002_LanguageLearningValidation@43f02ef2]" name="languagesListValidation" class="testCases.TestCase_002_LanguageLearningValidation"/>
        <method signature="TestCase_003_EnterpriseValidation.Formfilling()[pri:3, instance:testCases.TestCase_003_EnterpriseValidation@239a307b]" name="Formfilling" class="testCases.TestCase_003_EnterpriseValidation"/>
        <method signature="TestCase_001_WebDevelopmentValidation.levelsValidation()[pri:4, instance:testCases.TestCase_001_WebDevelopmentValidation@5b799640]" name="levelsValidation" class="testCases.TestCase_001_WebDevelopmentValidation"/>
        <method signature="TestCase_002_LanguageLearningValidation.levelsListValidation()[pri:4, instance:testCases.TestCase_002_LanguageLearningValidation@43f02ef2]" name="levelsListValidation" class="testCases.TestCase_002_LanguageLearningValidation"/>
        <method signature="TestCase_003_EnterpriseValidation.Submitform()[pri:4, instance:testCases.TestCase_003_EnterpriseValidation@239a307b]" name="Submitform" class="testCases.TestCase_003_EnterpriseValidation"/>
        <method signature="TestCase_001_WebDevelopmentValidation.firstCourseOpening()[pri:5, instance:testCases.TestCase_001_WebDevelopmentValidation@5b799640]" name="firstCourseOpening" class="testCases.TestCase_001_WebDevelopmentValidation"/>
        <method signature="TestCase_003_EnterpriseValidation.VerifyMsg()[pri:5, instance:testCases.TestCase_003_EnterpriseValidation@239a307b]" name="VerifyMsg" class="testCases.TestCase_003_EnterpriseValidation"/>
        <method signature="TestCase_001_WebDevelopmentValidation.firstCourseTitle()[pri:6, instance:testCases.TestCase_001_WebDevelopmentValidation@5b799640]" name="firstCourseTitle" class="testCases.TestCase_001_WebDevelopmentValidation"/>
        <method signature="TestCase_003_EnterpriseValidation.Formfilling2()[pri:6, instance:testCases.TestCase_003_EnterpriseValidation@239a307b]" name="Formfilling2" class="testCases.TestCase_003_EnterpriseValidation"/>
        <method signature="TestCase_001_WebDevelopmentValidation.firstCourseRating()[pri:7, instance:testCases.TestCase_001_WebDevelopmentValidation@5b799640]" name="firstCourseRating" class="testCases.TestCase_001_WebDevelopmentValidation"/>
        <method signature="TestCase_003_EnterpriseValidation.Submitform2()[pri:7, instance:testCases.TestCase_003_EnterpriseValidation@239a307b]" name="Submitform2" class="testCases.TestCase_003_EnterpriseValidation"/>
        <method signature="TestCase_001_WebDevelopmentValidation.firstCourseDuration()[pri:8, instance:testCases.TestCase_001_WebDevelopmentValidation@5b799640]" name="firstCourseDuration" class="testCases.TestCase_001_WebDevelopmentValidation"/>
        <method signature="TestCase_003_EnterpriseValidation.VerifyMsg2()[pri:8, instance:testCases.TestCase_003_EnterpriseValidation@239a307b]" name="VerifyMsg2" class="testCases.TestCase_003_EnterpriseValidation"/>
        <method signature="TestCase_001_WebDevelopmentValidation.backToMain()[pri:9, instance:testCases.TestCase_001_WebDevelopmentValidation@5b799640]" name="backToMain" class="testCases.TestCase_001_WebDevelopmentValidation"/>
        <method signature="TestCase_003_EnterpriseValidation.Formfilling3()[pri:9, instance:testCases.TestCase_003_EnterpriseValidation@239a307b]" name="Formfilling3" class="testCases.TestCase_003_EnterpriseValidation"/>
        <method signature="TestCase_001_WebDevelopmentValidation.SecondCourseOpening()[pri:10, instance:testCases.TestCase_001_WebDevelopmentValidation@5b799640]" name="SecondCourseOpening" class="testCases.TestCase_001_WebDevelopmentValidation"/>
        <method signature="TestCase_003_EnterpriseValidation.Submitform3()[pri:10, instance:testCases.TestCase_003_EnterpriseValidation@239a307b]" name="Submitform3" class="testCases.TestCase_003_EnterpriseValidation"/>
        <method signature="TestCase_001_WebDevelopmentValidation.SecondCourseTitle()[pri:11, instance:testCases.TestCase_001_WebDevelopmentValidation@5b799640]" name="SecondCourseTitle" class="testCases.TestCase_001_WebDevelopmentValidation"/>
        <method signature="TestCase_003_EnterpriseValidation.VerifyMsg3()[pri:11, instance:testCases.TestCase_003_EnterpriseValidation@239a307b]" name="VerifyMsg3" class="testCases.TestCase_003_EnterpriseValidation"/>
        <method signature="TestCase_001_WebDevelopmentValidation.SecondCourseRating()[pri:12, instance:testCases.TestCase_001_WebDevelopmentValidation@5b799640]" name="SecondCourseRating" class="testCases.TestCase_001_WebDevelopmentValidation"/>
        <method signature="TestCase_001_WebDevelopmentValidation.SecondCourseDuration()[pri:13, instance:testCases.TestCase_001_WebDevelopmentValidation@5b799640]" name="SecondCourseDuration" class="testCases.TestCase_001_WebDevelopmentValidation"/>
        <method signature="TestCase_001_WebDevelopmentValidation.backToMainPage()[pri:14, instance:testCases.TestCase_001_WebDevelopmentValidation@5b799640]" name="backToMainPage" class="testCases.TestCase_001_WebDevelopmentValidation"/>
      </group> <!-- Regression -->
      <group name="Smoke">
        <method signature="TestCase_002_LanguageLearningValidation.SiteValidation()[pri:1, instance:testCases.TestCase_002_LanguageLearningValidation@43f02ef2]" name="SiteValidation" class="testCases.TestCase_002_LanguageLearningValidation"/>
      </group> <!-- Smoke -->
    </groups>
    <test started-at="2024-04-09T14:55:09 IST" name="ChromeTest" finished-at="2024-04-09T14:58:34 IST" duration-ms="204269">
      <class name="testCases.TestCase_002_LanguageLearningValidation">
        <test-method is-config="true" signature="setUp(java.lang.String,java.lang.String)[pri:0, instance:testCases.TestCase_002_LanguageLearningValidation@43f02ef2]" started-at="2024-04-09T14:56:30 IST" name="setUp" finished-at="2024-04-09T14:56:37 IST" duration-ms="7027" status="PASS">
          <params>
            <param index="0">
              <value>
                <![CDATA[windows]]>
              </value>
            </param>
            <param index="1">
              <value>
                <![CDATA[Chrome]]>
              </value>
            </param>
          </params>
          <reporter-output>
          </reporter-output>
        </test-method> <!-- setUp -->
        <test-method signature="SiteValidation()[pri:1, instance:testCases.TestCase_002_LanguageLearningValidation@43f02ef2]" started-at="2024-04-09T14:56:37 IST" name="SiteValidation" finished-at="2024-04-09T14:57:03 IST" duration-ms="26126" status="PASS">
          <reporter-output>
          </reporter-output>
        </test-method> <!-- SiteValidation -->
        <test-method signature="searchValidation()[pri:2, instance:testCases.TestCase_002_LanguageLearningValidation@43f02ef2]" started-at="2024-04-09T14:57:03 IST" name="searchValidation" finished-at="2024-04-09T14:57:12 IST" depends-on-methods="testCases.TestCase_002_LanguageLearningValidation.SiteValidation" duration-ms="8804" status="PASS">
          <reporter-output>
          </reporter-output>
        </test-method> <!-- searchValidation -->
        <test-method signature="languagesListValidation()[pri:3, instance:testCases.TestCase_002_LanguageLearningValidation@43f02ef2]" started-at="2024-04-09T14:57:12 IST" name="languagesListValidation" finished-at="2024-04-09T14:57:17 IST" depends-on-methods="testCases.TestCase_002_LanguageLearningValidation.searchValidation" duration-ms="5269" status="PASS">
          <reporter-output>
          </reporter-output>
        </test-method> <!-- languagesListValidation -->
        <test-method signature="levelsListValidation()[pri:4, instance:testCases.TestCase_002_LanguageLearningValidation@43f02ef2]" started-at="2024-04-09T14:57:17 IST" name="levelsListValidation" finished-at="2024-04-09T14:57:21 IST" depends-on-methods="testCases.TestCase_002_LanguageLearningValidation.searchValidation" duration-ms="4319" status="PASS">
          <reporter-output>
          </reporter-output>
        </test-method> <!-- levelsListValidation -->
        <test-method is-config="true" signature="tearDown()[pri:0, instance:testCases.TestCase_002_LanguageLearningValidation@43f02ef2]" started-at="2024-04-09T14:57:21 IST" name="tearDown" finished-at="2024-04-09T14:57:24 IST" duration-ms="2701" status="PASS">
          <reporter-output>
          </reporter-output>
        </test-method> <!-- tearDown -->
      </class> <!-- testCases.TestCase_002_LanguageLearningValidation -->
      <class name="testCases.TestCase_001_WebDevelopmentValidation">
        <test-method is-config="true" signature="setUp(java.lang.String,java.lang.String)[pri:0, instance:testCases.TestCase_001_WebDevelopmentValidation@5b799640]" started-at="2024-04-09T14:55:10 IST" name="setUp" finished-at="2024-04-09T14:55:22 IST" duration-ms="12421" status="PASS">
          <params>
            <param index="0">
              <value>
                <![CDATA[windows]]>
              </value>
            </param>
            <param index="1">
              <value>
                <![CDATA[Chrome]]>
              </value>
            </param>
          </params>
          <reporter-output>
          </reporter-output>
        </test-method> <!-- setUp -->
        <test-method signature="SiteValidation()[pri:1, instance:testCases.TestCase_001_WebDevelopmentValidation@5b799640]" started-at="2024-04-09T14:55:22 IST" name="SiteValidation" finished-at="2024-04-09T14:55:29 IST" duration-ms="6956" status="PASS">
          <reporter-output>
          </reporter-output>
        </test-method> <!-- SiteValidation -->
        <test-method signature="searchValidation()[pri:2, instance:testCases.TestCase_001_WebDevelopmentValidation@5b799640]" started-at="2024-04-09T14:55:29 IST" name="searchValidation" finished-at="2024-04-09T14:55:38 IST" depends-on-methods="testCases.TestCase_001_WebDevelopmentValidation.SiteValidation" duration-ms="8680" status="PASS">
          <reporter-output>
          </reporter-output>
        </test-method> <!-- searchValidation -->
        <test-method signature="languageValidation()[pri:3, instance:testCases.TestCase_001_WebDevelopmentValidation@5b799640]" started-at="2024-04-09T14:55:38 IST" name="languageValidation" finished-at="2024-04-09T14:55:42 IST" depends-on-methods="testCases.TestCase_001_WebDevelopmentValidation.searchValidation" duration-ms="4756" status="PASS">
          <reporter-output>
          </reporter-output>
        </test-method> <!-- languageValidation -->
        <test-method signature="levelsValidation()[pri:4, instance:testCases.TestCase_001_WebDevelopmentValidation@5b799640]" started-at="2024-04-09T14:55:42 IST" name="levelsValidation" finished-at="2024-04-09T14:55:47 IST" depends-on-methods="testCases.TestCase_001_WebDevelopmentValidation.languageValidation" duration-ms="4428" status="PASS">
          <reporter-output>
          </reporter-output>
        </test-method> <!-- levelsValidation -->
        <test-method signature="firstCourseOpening()[pri:5, instance:testCases.TestCase_001_WebDevelopmentValidation@5b799640]" started-at="2024-04-09T14:55:47 IST" name="firstCourseOpening" finished-at="2024-04-09T14:55:59 IST" depends-on-methods="testCases.TestCase_001_WebDevelopmentValidation.levelsValidation" duration-ms="12090" status="PASS">
          <reporter-output>
          </reporter-output>
        </test-method> <!-- firstCourseOpening -->
        <test-method signature="firstCourseTitle()[pri:6, instance:testCases.TestCase_001_WebDevelopmentValidation@5b799640]" started-at="2024-04-09T14:55:59 IST" name="firstCourseTitle" finished-at="2024-04-09T14:56:03 IST" duration-ms="4112" status="PASS">
          <reporter-output>
          </reporter-output>
        </test-method> <!-- firstCourseTitle -->
        <test-method signature="firstCourseRating()[pri:7, instance:testCases.TestCase_001_WebDevelopmentValidation@5b799640]" started-at="2024-04-09T14:56:03 IST" name="firstCourseRating" finished-at="2024-04-09T14:56:04 IST" depends-on-methods="testCases.TestCase_001_WebDevelopmentValidation.firstCourseTitle" duration-ms="1277" status="PASS">
          <reporter-output>
          </reporter-output>
        </test-method> <!-- firstCourseRating -->
        <test-method signature="firstCourseDuration()[pri:8, instance:testCases.TestCase_001_WebDevelopmentValidation@5b799640]" started-at="2024-04-09T14:56:04 IST" name="firstCourseDuration" finished-at="2024-04-09T14:56:06 IST" depends-on-methods="testCases.TestCase_001_WebDevelopmentValidation.firstCourseRating" duration-ms="1179" status="PASS">
          <reporter-output>
          </reporter-output>
        </test-method> <!-- firstCourseDuration -->
        <test-method signature="backToMain()[pri:9, instance:testCases.TestCase_001_WebDevelopmentValidation@5b799640]" started-at="2024-04-09T14:56:06 IST" name="backToMain" finished-at="2024-04-09T14:56:07 IST" depends-on-methods="testCases.TestCase_001_WebDevelopmentValidation.firstCourseTitle" duration-ms="1074" status="PASS">
          <reporter-output>
          </reporter-output>
        </test-method> <!-- backToMain -->
        <test-method signature="SecondCourseOpening()[pri:10, instance:testCases.TestCase_001_WebDevelopmentValidation@5b799640]" started-at="2024-04-09T14:56:07 IST" name="SecondCourseOpening" finished-at="2024-04-09T14:56:19 IST" duration-ms="12094" status="PASS">
          <reporter-output>
          </reporter-output>
        </test-method> <!-- SecondCourseOpening -->
        <test-method signature="SecondCourseTitle()[pri:11, instance:testCases.TestCase_001_WebDevelopmentValidation@5b799640]" started-at="2024-04-09T14:56:19 IST" name="SecondCourseTitle" finished-at="2024-04-09T14:56:23 IST" duration-ms="4065" status="PASS">
          <reporter-output>
          </reporter-output>
        </test-method> <!-- SecondCourseTitle -->
        <test-method signature="SecondCourseRating()[pri:12, instance:testCases.TestCase_001_WebDevelopmentValidation@5b799640]" started-at="2024-04-09T14:56:23 IST" name="SecondCourseRating" finished-at="2024-04-09T14:56:24 IST" depends-on-methods="testCases.TestCase_001_WebDevelopmentValidation.SecondCourseTitle" duration-ms="1294" status="PASS">
          <reporter-output>
          </reporter-output>
        </test-method> <!-- SecondCourseRating -->
        <test-method signature="SecondCourseDuration()[pri:13, instance:testCases.TestCase_001_WebDevelopmentValidation@5b799640]" started-at="2024-04-09T14:56:24 IST" name="SecondCourseDuration" finished-at="2024-04-09T14:56:25 IST" depends-on-methods="testCases.TestCase_001_WebDevelopmentValidation.firstCourseRating" duration-ms="1086" status="PASS">
          <reporter-output>
          </reporter-output>
        </test-method> <!-- SecondCourseDuration -->
        <test-method signature="backToMainPage()[pri:14, instance:testCases.TestCase_001_WebDevelopmentValidation@5b799640]" started-at="2024-04-09T14:56:25 IST" name="backToMainPage" finished-at="2024-04-09T14:56:26 IST" depends-on-methods="testCases.TestCase_001_WebDevelopmentValidation.firstCourseTitle" duration-ms="1087" status="PASS">
          <reporter-output>
          </reporter-output>
        </test-method> <!-- backToMainPage -->
        <test-method is-config="true" signature="tearDown()[pri:0, instance:testCases.TestCase_001_WebDevelopmentValidation@5b799640]" started-at="2024-04-09T14:56:26 IST" name="tearDown" finished-at="2024-04-09T14:56:30 IST" duration-ms="3447" status="PASS">
          <reporter-output>
          </reporter-output>
        </test-method> <!-- tearDown -->
      </class> <!-- testCases.TestCase_001_WebDevelopmentValidation -->
      <class name="testCases.TestCase_003_EnterpriseValidation">
        <test-method is-config="true" signature="setUp(java.lang.String,java.lang.String)[pri:0, instance:testCases.TestCase_003_EnterpriseValidation@239a307b]" started-at="2024-04-09T14:57:24 IST" name="setUp" finished-at="2024-04-09T14:57:35 IST" duration-ms="10684" status="PASS">
          <params>
            <param index="0">
              <value>
                <![CDATA[windows]]>
              </value>
            </param>
            <param index="1">
              <value>
                <![CDATA[Chrome]]>
              </value>
            </param>
          </params>
          <reporter-output>
          </reporter-output>
        </test-method> <!-- setUp -->
        <test-method signature="Enterprise()[pri:2, instance:testCases.TestCase_003_EnterpriseValidation@239a307b]" started-at="2024-04-09T14:57:35 IST" name="Enterprise" finished-at="2024-04-09T14:57:48 IST" duration-ms="13275" status="PASS">
          <reporter-output>
          </reporter-output>
        </test-method> <!-- Enterprise -->
        <test-method signature="Formfilling()[pri:3, instance:testCases.TestCase_003_EnterpriseValidation@239a307b]" started-at="2024-04-09T14:57:48 IST" name="Formfilling" finished-at="2024-04-09T14:57:53 IST" duration-ms="5108" status="PASS">
          <reporter-output>
          </reporter-output>
        </test-method> <!-- Formfilling -->
        <test-method signature="Submitform()[pri:4, instance:testCases.TestCase_003_EnterpriseValidation@239a307b]" started-at="2024-04-09T14:57:53 IST" name="Submitform" finished-at="2024-04-09T14:57:53 IST" duration-ms="23" status="PASS">
          <reporter-output>
          </reporter-output>
        </test-method> <!-- Submitform -->
        <test-method signature="VerifyMsg()[pri:5, instance:testCases.TestCase_003_EnterpriseValidation@239a307b]" started-at="2024-04-09T14:57:53 IST" name="VerifyMsg" finished-at="2024-04-09T14:57:54 IST" duration-ms="502" status="PASS">
          <reporter-output>
          </reporter-output>
        </test-method> <!-- VerifyMsg -->
        <test-method signature="Formfilling2()[pri:6, instance:testCases.TestCase_003_EnterpriseValidation@239a307b]" started-at="2024-04-09T14:57:54 IST" name="Formfilling2" finished-at="2024-04-09T14:58:04 IST" duration-ms="10817" status="PASS">
          <reporter-output>
          </reporter-output>
        </test-method> <!-- Formfilling2 -->
        <test-method signature="Submitform2()[pri:7, instance:testCases.TestCase_003_EnterpriseValidation@239a307b]" started-at="2024-04-09T14:58:04 IST" name="Submitform2" finished-at="2024-04-09T14:58:04 IST" duration-ms="20" status="PASS">
          <reporter-output>
          </reporter-output>
        </test-method> <!-- Submitform2 -->
        <test-method signature="VerifyMsg2()[pri:8, instance:testCases.TestCase_003_EnterpriseValidation@239a307b]" started-at="2024-04-09T14:58:04 IST" name="VerifyMsg2" finished-at="2024-04-09T14:58:05 IST" duration-ms="521" status="PASS">
          <reporter-output>
          </reporter-output>
        </test-method> <!-- VerifyMsg2 -->
        <test-method signature="Formfilling3()[pri:9, instance:testCases.TestCase_003_EnterpriseValidation@239a307b]" started-at="2024-04-09T14:58:05 IST" name="Formfilling3" finished-at="2024-04-09T14:58:10 IST" duration-ms="4972" status="PASS">
          <reporter-output>
          </reporter-output>
        </test-method> <!-- Formfilling3 -->
        <test-method signature="Submitform3()[pri:10, instance:testCases.TestCase_003_EnterpriseValidation@239a307b]" started-at="2024-04-09T14:58:10 IST" name="Submitform3" finished-at="2024-04-09T14:58:10 IST" duration-ms="24" status="PASS">
          <reporter-output>
          </reporter-output>
        </test-method> <!-- Submitform3 -->
        <test-method signature="VerifyMsg3()[pri:11, instance:testCases.TestCase_003_EnterpriseValidation@239a307b]" started-at="2024-04-09T14:58:10 IST" name="VerifyMsg3" finished-at="2024-04-09T14:58:30 IST" duration-ms="20252" status="PASS">
          <reporter-output>
          </reporter-output>
        </test-method> <!-- VerifyMsg3 -->
        <test-method is-config="true" signature="tearDown()[pri:0, instance:testCases.TestCase_003_EnterpriseValidation@239a307b]" started-at="2024-04-09T14:58:30 IST" name="tearDown" finished-at="2024-04-09T14:58:34 IST" duration-ms="3379" status="PASS">
          <reporter-output>
          </reporter-output>
        </test-method> <!-- tearDown -->
      </class> <!-- testCases.TestCase_003_EnterpriseValidation -->
    </test> <!-- ChromeTest -->
  </suite> <!-- Suite -->
</testng-results>
